[14:41:13] [Client thread/INFO]: Setting user: Player947
[14:41:16] [Client thread/INFO]: [OptiFine] *** Reflector Forge ***
[14:41:16] [Client thread/INFO]: [OptiFine] (Reflector) Class not present: net.minecraftforge.client.model.Attributes
[14:41:16] [Client thread/INFO]: [OptiFine] (Reflector) Class not present: mods.betterfoliage.client.BetterFoliageClient
[14:41:16] [Client thread/INFO]: [OptiFine] (Reflector) Class not present: net.minecraftforge.fml.common.asm.transformers.BlamingTransformer
[14:41:16] [Client thread/INFO]: [OptiFine] (Reflector) Class not present: net.minecraftforge.event.world.ChunkWatchEvent$UnWatch
[14:41:16] [Client thread/INFO]: [OptiFine] (Reflector) Class not present: net.minecraftforge.fml.relauncher.CoreModManager
[14:41:16] [Client thread/INFO]: [OptiFine] (Reflector) Class not present: net.minecraftforge.common.DimensionManager
[14:41:16] [Client thread/INFO]: [OptiFine] (Reflector) Class not present: net.minecraftforge.client.event.GuiScreenEvent$DrawScreenEvent$Pre
[14:41:16] [Client thread/INFO]: [OptiFine] (Reflector) Class not present: net.minecraftforge.client.event.GuiScreenEvent$DrawScreenEvent$Post
[14:41:16] [Client thread/INFO]: [OptiFine] (Reflector) Class not present: net.minecraftforge.client.event.EntityViewRenderEvent$CameraSetup
[14:41:16] [Client thread/INFO]: [OptiFine] (Reflector) Class not present: net.minecraftforge.client.event.EntityViewRenderEvent$FogColors
[14:41:16] [Client thread/INFO]: [OptiFine] (Reflector) Class not present: net.minecraftforge.client.event.EntityViewRenderEvent$RenderFogEvent
[14:41:16] [Client thread/INFO]: [OptiFine] (Reflector) Class not present: net.minecraftforge.fml.common.eventhandler.Event
[14:41:16] [Client thread/INFO]: [OptiFine] (Reflector) Class not present: net.minecraftforge.fml.common.eventhandler.EventBus
[14:41:16] [Client thread/INFO]: [OptiFine] (Reflector) Class not present: net.minecraftforge.fml.common.eventhandler.Event$Result
[14:41:16] [Client thread/INFO]: [OptiFine] (Reflector) Class not present: net.minecraftforge.common.property.ExtendedBlockState
[14:41:16] [Client thread/INFO]: [OptiFine] (Reflector) Class not present: net.minecraftforge.fml.client.FMLClientHandler
[14:41:16] [Client thread/INFO]: [OptiFine] (Reflector) Class not present: net.minecraftforge.fml.common.FMLCommonHandler
[14:41:16] [Client thread/INFO]: [OptiFine] (Reflector) Method not present: net.minecraft.world.biome.Biome.getWaterColorMultiplier
[14:41:16] [Client thread/INFO]: [OptiFine] (Reflector) Method not present: net.minecraft.block.Block.addDestroyEffects
[14:41:16] [Client thread/INFO]: [OptiFine] (Reflector) Method not present: net.minecraft.block.Block.addHitEffects
[14:41:16] [Client thread/INFO]: [OptiFine] (Reflector) Method not present: net.minecraft.block.Block.canCreatureSpawn
[14:41:16] [Client thread/INFO]: [OptiFine] (Reflector) Method not present: net.minecraft.block.Block.canRenderInLayer
[14:41:16] [Client thread/INFO]: [OptiFine] (Reflector) Method not present: net.minecraft.block.Block.doesSideBlockRendering
[14:41:16] [Client thread/INFO]: [OptiFine] (Reflector) Method not present: net.minecraft.block.Block.getBedDirection
[14:41:16] [Client thread/INFO]: [OptiFine] (Reflector) Method not present: net.minecraft.block.Block.getExtendedState
[14:41:16] [Client thread/INFO]: [OptiFine] (Reflector) Method not present: net.minecraft.block.Block.getFogColor
[14:41:16] [Client thread/INFO]: [OptiFine] (Reflector) Method not present: net.minecraft.block.Block.getLightOpacity
[14:41:16] [Client thread/INFO]: [OptiFine] (Reflector) Method not present: net.minecraft.block.Block.getLightValue
[14:41:16] [Client thread/INFO]: [OptiFine] (Reflector) Method not present: net.minecraft.block.Block.getSoundType
[14:41:16] [Client thread/INFO]: [OptiFine] (Reflector) Method not present: net.minecraft.block.Block.hasTileEntity
[14:41:16] [Client thread/INFO]: [OptiFine] (Reflector) Method not present: net.minecraft.block.Block.isAir
[14:41:16] [Client thread/INFO]: [OptiFine] (Reflector) Method not present: net.minecraft.block.Block.isBed
[14:41:16] [Client thread/INFO]: [OptiFine] (Reflector) Method not present: net.minecraft.block.Block.isBedFoot
[14:41:16] [Client thread/INFO]: [OptiFine] (Reflector) Method not present: net.minecraft.block.Block.isSideSolid
[14:41:16] [Client thread/INFO]: [OptiFine] (Reflector) Method not present: net.minecraft.block.state.IBlockProperties.getLightValue
[14:41:16] [Client thread/INFO]: [OptiFine] (Reflector) Method not present: net.minecraft.world.ChunkCache.isSideSolid
[14:41:16] [Client thread/INFO]: [OptiFine] (Reflector) Method not present: net.minecraft.entity.Entity.canRiderInteract
[14:41:16] [Client thread/INFO]: [OptiFine] (Reflector) Field not present: net.minecraft.entity.Entity.captureDrops
[14:41:16] [Client thread/INFO]: [OptiFine] (Reflector) Field not present: net.minecraft.entity.Entity.capturedDrops
[14:41:16] [Client thread/INFO]: [OptiFine] (Reflector) Method not present: net.minecraft.entity.Entity.shouldRenderInPass
[14:41:16] [Client thread/INFO]: [OptiFine] (Reflector) Method not present: net.minecraft.entity.Entity.shouldRiderSit
[14:41:16] [Client thread/INFO]: [OptiFine] (Reflector) Class not present: net.minecraftforge.event.ForgeEventFactory
[14:41:16] [Client thread/INFO]: [OptiFine] (Reflector) Class not present: net.minecraftforge.common.ForgeHooks
[14:41:16] [Client thread/INFO]: [OptiFine] (Reflector) Class not present: net.minecraftforge.client.ForgeHooksClient
[14:41:16] [Client thread/INFO]: [OptiFine] (Reflector) Field not present: net.minecraft.item.Item.delegate
[14:41:16] [Client thread/INFO]: [OptiFine] (Reflector) Method not present: net.minecraft.item.Item.getDurabilityForDisplay
[14:41:16] [Client thread/INFO]: [OptiFine] (Reflector) Method not present: net.minecraft.item.Item.getRGBDurabilityForDisplay
[14:41:16] [Client thread/INFO]: [OptiFine] (Reflector) Method not present: net.minecraft.item.Item.isShield
[14:41:16] [Client thread/INFO]: [OptiFine] (Reflector) Method not present: net.minecraft.item.Item.onEntitySwing
[14:41:16] [Client thread/INFO]: [OptiFine] (Reflector) Method not present: net.minecraft.item.Item.shouldCauseReequipAnimation
[14:41:16] [Client thread/INFO]: [OptiFine] (Reflector) Method not present: net.minecraft.item.Item.showDurabilityBar
[14:41:16] [Client thread/INFO]: [OptiFine] (Reflector) Method not present: net.minecraft.client.renderer.block.model.ItemOverrideList.handleItemState
[14:41:16] [Client thread/INFO]: [OptiFine] (Reflector) Method not present: net.minecraft.item.ItemArmor.hasOverlay
[14:41:16] [Client thread/INFO]: [OptiFine] (Reflector) Method not present: net.minecraft.client.settings.KeyBinding.setKeyConflictContext
[14:41:16] [Client thread/INFO]: [OptiFine] (Reflector) Method not present: net.minecraft.client.settings.KeyBinding.setKeyModifierAndCode
[14:41:16] [Client thread/INFO]: [OptiFine] (Reflector) Method not present: net.minecraft.client.settings.KeyBinding.getKeyModifier
[14:41:16] [Client thread/INFO]: [OptiFine] (Reflector) Class not present: net.minecraftforge.common.ForgeModContainer
[14:41:16] [Client thread/INFO]: [OptiFine] (Reflector) Method not present: net.minecraft.client.renderer.block.model.ModelBlockDefinition.parseFromReader
[14:41:16] [Client thread/INFO]: [OptiFine] (Reflector) Method not present: net.minecraft.potion.Potion.shouldRenderHUD
[14:41:16] [Client thread/INFO]: [OptiFine] (Reflector) Method not present: net.minecraft.potion.Potion.renderHUDEffect
[14:41:16] [Client thread/INFO]: [OptiFine] (Reflector) Method not present: net.minecraft.potion.PotionEffect.isCurativeItem
[14:41:16] [Client thread/INFO]: [OptiFine] (Reflector) Method not present: net.minecraft.tileentity.TileEntity.canRenderBreaking
[14:41:16] [Client thread/INFO]: [OptiFine] (Reflector) Method not present: net.minecraft.tileentity.TileEntity.getRenderBoundingBox
[14:41:16] [Client thread/INFO]: [OptiFine] (Reflector) Method not present: net.minecraft.tileentity.TileEntity.hasFastRenderer
[14:41:16] [Client thread/INFO]: [OptiFine] (Reflector) Method not present: net.minecraft.tileentity.TileEntity.shouldRenderInPass
[14:41:16] [Client thread/INFO]: [OptiFine] (Reflector) Method not present: net.minecraft.client.renderer.vertex.VertexFormatElement$EnumUsage.preDraw
[14:41:16] [Client thread/INFO]: [OptiFine] (Reflector) Method not present: net.minecraft.client.renderer.vertex.VertexFormatElement$EnumUsage.postDraw
[14:41:16] [Client thread/INFO]: [OptiFine] (Reflector) Method not present: net.minecraft.world.World.countEntities
[14:41:16] [Client thread/INFO]: [OptiFine] (Reflector) Method not present: net.minecraft.world.World.getPerWorldStorage
[14:41:16] [Client thread/INFO]: [OptiFine] (Reflector) Method not present: net.minecraft.world.World.initCapabilities
[14:41:16] [Client thread/INFO]: [OptiFine] (Reflector) Method not present: net.minecraft.world.WorldProvider.getCloudRenderer
[14:41:16] [Client thread/INFO]: [OptiFine] (Reflector) Method not present: net.minecraft.world.WorldProvider.getSkyRenderer
[14:41:16] [Client thread/INFO]: [OptiFine] (Reflector) Method not present: net.minecraft.world.WorldProvider.getWeatherRenderer
[14:41:16] [Client thread/INFO]: [OptiFine] (Reflector) Method not present: net.minecraft.world.WorldProvider.getLightmapColors
[14:41:16] [Client thread/INFO]: [OptiFine] (Reflector) Class not present: net.minecraftforge.fml.client.GuiModList
[14:41:16] [Client thread/INFO]: [OptiFine] (Reflector) Class not present: net.minecraftforge.common.property.IExtendedBlockState
[14:41:16] [Client thread/INFO]: [OptiFine] (Reflector) Class not present: net.minecraftforge.client.model.IModel
[14:41:16] [Client thread/INFO]: [OptiFine] (Reflector) Class not present: net.minecraftforge.client.IRenderHandler
[14:41:16] [Client thread/INFO]: [OptiFine] (Reflector) Class not present: net.minecraftforge.client.ItemModelMesherForge
[14:41:16] [Client thread/INFO]: [OptiFine] (Reflector) Class not present: net.minecraftforge.client.settings.KeyConflictContext
[14:41:16] [Client thread/INFO]: [OptiFine] (Reflector) Class not present: net.minecraftforge.client.settings.KeyModifier
[14:41:16] [Client thread/INFO]: [OptiFine] (Reflector) Class not present: net.minecraft.launchwrapper.Launch
[14:41:16] [Client thread/INFO]: [OptiFine] (Reflector) Class not present: net.minecraftforge.client.model.pipeline.LightUtil
[14:41:16] [Client thread/INFO]: [OptiFine] (Reflector) Class not present: net.minecraftforge.common.MinecraftForge
[14:41:16] [Client thread/INFO]: [OptiFine] (Reflector) Class not present: net.minecraftforge.client.MinecraftForgeClient
[14:41:16] [Client thread/INFO]: [OptiFine] (Reflector) Class not present: net.minecraftforge.client.model.ModelLoader
[14:41:16] [Client thread/INFO]: [OptiFine] (Reflector) Class not present: net.minecraftforge.client.gui.NotificationModUpdateScreen
[14:41:16] [Client thread/INFO]: [OptiFine] (Reflector) Class not present: net.minecraftforge.client.event.RenderBlockOverlayEvent$OverlayType
[14:41:16] [Client thread/INFO]: [OptiFine] (Reflector) Class not present: net.minecraftforge.fml.client.registry.RenderingRegistry
[14:41:16] [Client thread/INFO]: [OptiFine] (Reflector) Class not present: net.minecraftforge.client.event.RenderItemInFrameEvent
[14:41:16] [Client thread/INFO]: [OptiFine] (Reflector) Class not present: net.minecraftforge.client.event.RenderLivingEvent$Pre
[14:41:16] [Client thread/INFO]: [OptiFine] (Reflector) Class not present: net.minecraftforge.client.event.RenderLivingEvent$Post
[14:41:16] [Client thread/INFO]: [OptiFine] (Reflector) Class not present: net.minecraftforge.client.event.RenderLivingEvent$Specials$Pre
[14:41:16] [Client thread/INFO]: [OptiFine] (Reflector) Class not present: net.minecraftforge.client.event.RenderLivingEvent$Specials$Post
[14:41:16] [Client thread/INFO]: [OptiFine] (Reflector) Class not present: net.minecraftforge.client.event.ScreenshotEvent
[14:41:16] [Client thread/INFO]: [OptiFine] (Reflector) Class not present: net.minecraftforge.fml.client.SplashProgress
[14:41:16] [Client thread/INFO]: [OptiFine] (Reflector) Class not present: net.minecraftforge.event.world.WorldEvent$Load
[14:41:16] [Client thread/INFO]: [OptiFine] *** Reflector Vanilla ***
[14:41:16] [Client thread/INFO]: [OptiFine] (Reflector) Field not present: me.present.ui.MainMenu.(type: class java.lang.String, index: 0)
[14:41:16] [Client thread/INFO]: [OptiFine] (Reflector) Class not present: optifine.OptiFineClassTransformer
[14:41:16] [Client thread/WARN]: Skipping bad option: lastServer:
[14:41:16] [Client thread/INFO]: LWJGL Version: 2.9.4
[14:41:17] [Client thread/INFO]: [OptiFine] 
[14:41:17] [Client thread/INFO]: [OptiFine] OptiFine_1.12.2_HD_U_C6
[14:41:17] [Client thread/INFO]: [OptiFine] Build: null
[14:41:17] [Client thread/INFO]: [OptiFine] OS: Windows 10 (amd64) version 10.0
[14:41:17] [Client thread/INFO]: [OptiFine] Java: 1.8.0_261, Oracle Corporation
[14:41:17] [Client thread/INFO]: [OptiFine] VM: Java HotSpot(TM) 64-Bit Server VM (mixed mode), Oracle Corporation
[14:41:17] [Client thread/INFO]: [OptiFine] LWJGL: 2.9.4
[14:41:17] [Client thread/INFO]: [OptiFine] OpenGL: GeForce GTX 1660 Ti/PCIe/SSE2, version 4.6.0 NVIDIA 446.14, NVIDIA Corporation
[14:41:17] [Client thread/INFO]: [OptiFine] OpenGL Version: 4.6.0
[14:41:17] [Client thread/INFO]: [OptiFine] Maximum texture size: 32768x32768
[14:41:17] [Thread-3/INFO]: [OptiFine] Checking for new version
[14:41:17] [Client thread/INFO]: [Shaders] ShadersMod version: 2.4.12
[14:41:17] [Client thread/INFO]: [Shaders] OpenGL Version: 4.6.0 NVIDIA 446.14
[14:41:17] [Client thread/INFO]: [Shaders] Vendor:  NVIDIA Corporation
[14:41:17] [Client thread/INFO]: [Shaders] Renderer: GeForce GTX 1660 Ti/PCIe/SSE2
[14:41:17] [Client thread/INFO]: [Shaders] Capabilities:  2.0  2.1  3.0  3.2  4.0 
[14:41:17] [Client thread/INFO]: [Shaders] GL_MAX_DRAW_BUFFERS: 8
[14:41:17] [Client thread/INFO]: [Shaders] GL_MAX_COLOR_ATTACHMENTS_EXT: 8
[14:41:17] [Client thread/INFO]: [Shaders] GL_MAX_TEXTURE_IMAGE_UNITS: 32
[14:41:17] [Client thread/INFO]: [Shaders] Load ShadersMod configuration.
[14:41:17] [Client thread/INFO]: [Shaders] No shaderpack loaded.
[14:41:17] [Thread-3/INFO]: [OptiFine] Version found: D3
[14:41:18] [Client thread/INFO]: Reloading ResourceManager: Default
[14:41:18] [Client thread/INFO]: [OptiFine] *** Reloading textures ***
[14:41:18] [Client thread/INFO]: [OptiFine] Resource packs: Default
[14:41:19] [Sound Library Loader/INFO]: Starting up SoundSystem...
[14:41:19] [Thread-4/INFO]: Initializing LWJGL OpenAL
[14:41:19] [Thread-4/INFO]: (The LWJGL binding of OpenAL.  For more information, see http://www.lwjgl.org)
[14:41:19] [Thread-4/INFO]: OpenAL initialized.
[14:41:19] [Sound Library Loader/INFO]: Sound engine started
[14:41:21] [Client thread/INFO]: [OptiFine] Mipmap levels: 4
[14:41:21] [Client thread/INFO]: [OptiFine] Multitexture: false
[14:41:21] [Client thread/INFO]: [OptiFine] ConnectedTextures: mcpatcher/ctm/default/0_glass_white/glass_pane_white.properties
[14:41:21] [Client thread/INFO]: [OptiFine] ConnectedTextures: mcpatcher/ctm/default/0_glass_white/glass_white.properties
[14:41:21] [Client thread/INFO]: [OptiFine] ConnectedTextures: mcpatcher/ctm/default/10_glass_purple/glass_pane_purple.properties
[14:41:21] [Client thread/INFO]: [OptiFine] ConnectedTextures: mcpatcher/ctm/default/10_glass_purple/glass_purple.properties
[14:41:21] [Client thread/INFO]: [OptiFine] ConnectedTextures: mcpatcher/ctm/default/11_glass_blue/glass_blue.properties
[14:41:21] [Client thread/INFO]: [OptiFine] ConnectedTextures: mcpatcher/ctm/default/11_glass_blue/glass_pane_blue.properties
[14:41:21] [Client thread/INFO]: [OptiFine] ConnectedTextures: mcpatcher/ctm/default/12_glass_brown/glass_brown.properties
[14:41:21] [Client thread/INFO]: [OptiFine] ConnectedTextures: mcpatcher/ctm/default/12_glass_brown/glass_pane_brown.properties
[14:41:21] [Client thread/INFO]: [OptiFine] ConnectedTextures: mcpatcher/ctm/default/13_glass_green/glass_green.properties
[14:41:21] [Client thread/INFO]: [OptiFine] ConnectedTextures: mcpatcher/ctm/default/13_glass_green/glass_pane_green.properties
[14:41:22] [Client thread/INFO]: [OptiFine] ConnectedTextures: mcpatcher/ctm/default/14_glass_red/glass_pane_red.properties
[14:41:22] [Client thread/INFO]: [OptiFine] ConnectedTextures: mcpatcher/ctm/default/14_glass_red/glass_red.properties
[14:41:22] [Client thread/INFO]: [OptiFine] ConnectedTextures: mcpatcher/ctm/default/15_glass_black/glass_black.properties
[14:41:22] [Client thread/INFO]: [OptiFine] ConnectedTextures: mcpatcher/ctm/default/15_glass_black/glass_pane_black.properties
[14:41:22] [Client thread/INFO]: [OptiFine] ConnectedTextures: mcpatcher/ctm/default/1_glass_orange/glass_orange.properties
[14:41:22] [Client thread/INFO]: [OptiFine] ConnectedTextures: mcpatcher/ctm/default/1_glass_orange/glass_pane_orange.properties
[14:41:22] [Client thread/INFO]: [OptiFine] ConnectedTextures: mcpatcher/ctm/default/2_glass_magenta/glass_magenta.properties
[14:41:22] [Client thread/INFO]: [OptiFine] ConnectedTextures: mcpatcher/ctm/default/2_glass_magenta/glass_pane_magenta.properties
[14:41:22] [Client thread/INFO]: [OptiFine] ConnectedTextures: mcpatcher/ctm/default/3_glass_light_blue/glass_light_blue.properties
[14:41:22] [Client thread/INFO]: [OptiFine] ConnectedTextures: mcpatcher/ctm/default/3_glass_light_blue/glass_pane_light_blue.properties
[14:41:22] [Client thread/INFO]: [OptiFine] ConnectedTextures: mcpatcher/ctm/default/4_glass_yellow/glass_pane_yellow.properties
[14:41:22] [Client thread/INFO]: [OptiFine] ConnectedTextures: mcpatcher/ctm/default/4_glass_yellow/glass_yellow.properties
[14:41:22] [Client thread/INFO]: [OptiFine] ConnectedTextures: mcpatcher/ctm/default/5_glass_lime/glass_lime.properties
[14:41:22] [Client thread/INFO]: [OptiFine] ConnectedTextures: mcpatcher/ctm/default/5_glass_lime/glass_pane_lime.properties
[14:41:22] [Client thread/INFO]: [OptiFine] ConnectedTextures: mcpatcher/ctm/default/6_glass_pink/glass_pane_pink.properties
[14:41:22] [Client thread/INFO]: [OptiFine] ConnectedTextures: mcpatcher/ctm/default/6_glass_pink/glass_pink.properties
[14:41:22] [Client thread/INFO]: [OptiFine] ConnectedTextures: mcpatcher/ctm/default/7_glass_gray/glass_gray.properties
[14:41:22] [Client thread/INFO]: [OptiFine] ConnectedTextures: mcpatcher/ctm/default/7_glass_gray/glass_pane_gray.properties
[14:41:22] [Client thread/INFO]: [OptiFine] ConnectedTextures: mcpatcher/ctm/default/8_glass_silver/glass_pane_silver.properties
[14:41:22] [Client thread/INFO]: [OptiFine] ConnectedTextures: mcpatcher/ctm/default/8_glass_silver/glass_silver.properties
[14:41:22] [Client thread/INFO]: [OptiFine] ConnectedTextures: mcpatcher/ctm/default/9_glass_cyan/glass_cyan.properties
[14:41:22] [Client thread/INFO]: [OptiFine] ConnectedTextures: mcpatcher/ctm/default/9_glass_cyan/glass_pane_cyan.properties
[14:41:22] [Client thread/INFO]: [OptiFine] ConnectedTextures: mcpatcher/ctm/default/bookshelf.properties
[14:41:22] [Client thread/INFO]: [OptiFine] ConnectedTextures: mcpatcher/ctm/default/glass.properties
[14:41:22] [Client thread/INFO]: [OptiFine] ConnectedTextures: mcpatcher/ctm/default/glasspane.properties
[14:41:22] [Client thread/INFO]: [OptiFine] ConnectedTextures: mcpatcher/ctm/default/sandstone.properties
[14:41:22] [Client thread/INFO]: [OptiFine] Multipass connected textures: false
[14:41:22] [Client thread/INFO]: [OptiFine] BetterGrass: Parsing default configuration optifine/bettergrass.properties
[14:41:27] [Client thread/INFO]: Created: 1024x512 textures-atlas
[14:41:28] [Client thread/INFO]: Narrator library for x64 successfully loaded
[14:41:28] [Client thread/INFO]: [OptiFine] *** Reloading custom textures ***
[14:41:35] [Server thread/INFO]: Starting integrated minecraft server version 1.12.2
[14:41:35] [Server thread/INFO]: Generating keypair
[14:41:36] [Server thread/INFO]: Loaded 488 advancements
[14:41:36] [Server thread/INFO]: Preparing start region for level 0
[14:41:37] [Server thread/INFO]: Preparing spawn area: 34%
[14:41:38] [Server thread/INFO]: Changing view distance to 8, from 10
[14:41:39] [Server thread/INFO]: Player947[local:E:89eb8625] logged in with entity id 75 at (527.197415690858, 79.0, 434.69999998807907)
[14:41:39] [Server thread/INFO]: Player947 joined the game
[14:41:39] [Client thread/INFO]: [CHAT] A new §eOptiFine§f version is available: §eHD Ultra D3§f
[14:41:40] [Client thread/INFO]: Loaded 2 advancements
[14:41:55] [Server thread/INFO]: Saving and pausing game...
[14:41:55] [Server thread/INFO]: Saving chunks for level 'mcpworld'/overworld
[14:41:55] [Server thread/INFO]: Saving chunks for level 'mcpworld'/the_nether
[14:41:55] [Server thread/INFO]: Saving chunks for level 'mcpworld'/the_end
[14:44:06] [Server thread/INFO]: Saving and pausing game...
[14:44:06] [Server thread/INFO]: Saving chunks for level 'mcpworld'/overworld
[14:44:06] [Server thread/INFO]: Saving chunks for level 'mcpworld'/the_nether
[14:44:06] [Server thread/INFO]: Saving chunks for level 'mcpworld'/the_end
[14:44:30] [Server thread/INFO]: Saving and pausing game...
[14:44:30] [Server thread/INFO]: Saving chunks for level 'mcpworld'/overworld
[14:44:30] [Server thread/INFO]: Saving chunks for level 'mcpworld'/the_nether
[14:44:30] [Server thread/INFO]: Saving chunks for level 'mcpworld'/the_end
[14:45:03] [Server thread/INFO]: Saving and pausing game...
[14:45:03] [Server thread/INFO]: Saving chunks for level 'mcpworld'/overworld
[14:45:03] [Server thread/INFO]: Saving chunks for level 'mcpworld'/the_nether
[14:45:03] [Server thread/INFO]: Saving chunks for level 'mcpworld'/the_end
[14:45:07] [Server thread/INFO]: Saving and pausing game...
[14:45:07] [Server thread/INFO]: Saving chunks for level 'mcpworld'/overworld
[14:45:07] [Server thread/INFO]: Saving chunks for level 'mcpworld'/the_nether
[14:45:07] [Server thread/INFO]: Saving chunks for level 'mcpworld'/the_end
[14:45:11] [Server thread/INFO]: Saving and pausing game...
[14:45:11] [Server thread/INFO]: Saving chunks for level 'mcpworld'/overworld
[14:45:11] [Server thread/INFO]: Saving chunks for level 'mcpworld'/the_nether
[14:45:11] [Server thread/INFO]: Saving chunks for level 'mcpworld'/the_end
[14:47:33] [Server thread/INFO]: Saving and pausing game...
[14:47:33] [Server thread/INFO]: Saving chunks for level 'mcpworld'/overworld
[14:47:33] [Server thread/INFO]: Saving chunks for level 'mcpworld'/the_nether
[14:47:33] [Server thread/INFO]: Saving chunks for level 'mcpworld'/the_end
[14:48:00] [Server thread/INFO]: Saving and pausing game...
[14:48:00] [Server thread/INFO]: Saving chunks for level 'mcpworld'/overworld
[14:48:00] [Server thread/INFO]: Saving chunks for level 'mcpworld'/the_nether
[14:48:00] [Server thread/INFO]: Saving chunks for level 'mcpworld'/the_end
[14:48:34] [Server thread/INFO]: Saving and pausing game...
[14:48:34] [Server thread/INFO]: Saving chunks for level 'mcpworld'/overworld
[14:48:34] [Server thread/INFO]: Saving chunks for level 'mcpworld'/the_nether
[14:48:34] [Server thread/INFO]: Saving chunks for level 'mcpworld'/the_end
[14:49:45] [Server thread/INFO]: Saving and pausing game...
[14:49:45] [Server thread/INFO]: Saving chunks for level 'mcpworld'/overworld
[14:49:45] [Server thread/INFO]: Saving chunks for level 'mcpworld'/the_nether
[14:49:45] [Server thread/INFO]: Saving chunks for level 'mcpworld'/the_end
