[15:02:05] [Client thread/INFO]: Setting user: Player598
[15:02:07] [Client thread/INFO]: [OptiFine] *** Reflector Forge ***
[15:02:07] [Client thread/INFO]: [OptiFine] (Reflector) Class not present: net.minecraftforge.client.model.Attributes
[15:02:07] [Client thread/INFO]: [OptiFine] (Reflector) Class not present: mods.betterfoliage.client.BetterFoliageClient
[15:02:07] [Client thread/INFO]: [OptiFine] (Reflector) Class not present: net.minecraftforge.fml.common.asm.transformers.BlamingTransformer
[15:02:07] [Client thread/INFO]: [OptiFine] (Reflector) Class not present: net.minecraftforge.event.world.ChunkWatchEvent$UnWatch
[15:02:07] [Client thread/INFO]: [OptiFine] (Reflector) Class not present: net.minecraftforge.fml.relauncher.CoreModManager
[15:02:07] [Client thread/INFO]: [OptiFine] (Reflector) Class not present: net.minecraftforge.common.DimensionManager
[15:02:07] [Client thread/INFO]: [OptiFine] (Reflector) Class not present: net.minecraftforge.client.event.GuiScreenEvent$DrawScreenEvent$Pre
[15:02:07] [Client thread/INFO]: [OptiFine] (Reflector) Class not present: net.minecraftforge.client.event.GuiScreenEvent$DrawScreenEvent$Post
[15:02:07] [Client thread/INFO]: [OptiFine] (Reflector) Class not present: net.minecraftforge.client.event.EntityViewRenderEvent$CameraSetup
[15:02:07] [Client thread/INFO]: [OptiFine] (Reflector) Class not present: net.minecraftforge.client.event.EntityViewRenderEvent$FogColors
[15:02:07] [Client thread/INFO]: [OptiFine] (Reflector) Class not present: net.minecraftforge.client.event.EntityViewRenderEvent$RenderFogEvent
[15:02:07] [Client thread/INFO]: [OptiFine] (Reflector) Class not present: net.minecraftforge.fml.common.eventhandler.Event
[15:02:07] [Client thread/INFO]: [OptiFine] (Reflector) Class not present: net.minecraftforge.fml.common.eventhandler.EventBus
[15:02:07] [Client thread/INFO]: [OptiFine] (Reflector) Class not present: net.minecraftforge.fml.common.eventhandler.Event$Result
[15:02:07] [Client thread/INFO]: [OptiFine] (Reflector) Class not present: net.minecraftforge.common.property.ExtendedBlockState
[15:02:07] [Client thread/INFO]: [OptiFine] (Reflector) Class not present: net.minecraftforge.fml.client.FMLClientHandler
[15:02:07] [Client thread/INFO]: [OptiFine] (Reflector) Class not present: net.minecraftforge.fml.common.FMLCommonHandler
[15:02:07] [Client thread/INFO]: [OptiFine] (Reflector) Method not present: net.minecraft.world.biome.Biome.getWaterColorMultiplier
[15:02:07] [Client thread/INFO]: [OptiFine] (Reflector) Method not present: net.minecraft.block.Block.addDestroyEffects
[15:02:07] [Client thread/INFO]: [OptiFine] (Reflector) Method not present: net.minecraft.block.Block.addHitEffects
[15:02:07] [Client thread/INFO]: [OptiFine] (Reflector) Method not present: net.minecraft.block.Block.canCreatureSpawn
[15:02:07] [Client thread/INFO]: [OptiFine] (Reflector) Method not present: net.minecraft.block.Block.canRenderInLayer
[15:02:07] [Client thread/INFO]: [OptiFine] (Reflector) Method not present: net.minecraft.block.Block.doesSideBlockRendering
[15:02:07] [Client thread/INFO]: [OptiFine] (Reflector) Method not present: net.minecraft.block.Block.getBedDirection
[15:02:07] [Client thread/INFO]: [OptiFine] (Reflector) Method not present: net.minecraft.block.Block.getExtendedState
[15:02:07] [Client thread/INFO]: [OptiFine] (Reflector) Method not present: net.minecraft.block.Block.getFogColor
[15:02:07] [Client thread/INFO]: [OptiFine] (Reflector) Method not present: net.minecraft.block.Block.getLightOpacity
[15:02:07] [Client thread/INFO]: [OptiFine] (Reflector) Method not present: net.minecraft.block.Block.getLightValue
[15:02:07] [Client thread/INFO]: [OptiFine] (Reflector) Method not present: net.minecraft.block.Block.getSoundType
[15:02:07] [Client thread/INFO]: [OptiFine] (Reflector) Method not present: net.minecraft.block.Block.hasTileEntity
[15:02:07] [Client thread/INFO]: [OptiFine] (Reflector) Method not present: net.minecraft.block.Block.isAir
[15:02:07] [Client thread/INFO]: [OptiFine] (Reflector) Method not present: net.minecraft.block.Block.isBed
[15:02:07] [Client thread/INFO]: [OptiFine] (Reflector) Method not present: net.minecraft.block.Block.isBedFoot
[15:02:07] [Client thread/INFO]: [OptiFine] (Reflector) Method not present: net.minecraft.block.Block.isSideSolid
[15:02:07] [Client thread/INFO]: [OptiFine] (Reflector) Method not present: net.minecraft.block.state.IBlockProperties.getLightValue
[15:02:07] [Client thread/INFO]: [OptiFine] (Reflector) Method not present: net.minecraft.world.ChunkCache.isSideSolid
[15:02:07] [Client thread/INFO]: [OptiFine] (Reflector) Method not present: net.minecraft.entity.Entity.canRiderInteract
[15:02:07] [Client thread/INFO]: [OptiFine] (Reflector) Field not present: net.minecraft.entity.Entity.captureDrops
[15:02:07] [Client thread/INFO]: [OptiFine] (Reflector) Field not present: net.minecraft.entity.Entity.capturedDrops
[15:02:07] [Client thread/INFO]: [OptiFine] (Reflector) Method not present: net.minecraft.entity.Entity.shouldRenderInPass
[15:02:07] [Client thread/INFO]: [OptiFine] (Reflector) Method not present: net.minecraft.entity.Entity.shouldRiderSit
[15:02:07] [Client thread/INFO]: [OptiFine] (Reflector) Class not present: net.minecraftforge.event.ForgeEventFactory
[15:02:07] [Client thread/INFO]: [OptiFine] (Reflector) Class not present: net.minecraftforge.common.ForgeHooks
[15:02:07] [Client thread/INFO]: [OptiFine] (Reflector) Class not present: net.minecraftforge.client.ForgeHooksClient
[15:02:07] [Client thread/INFO]: [OptiFine] (Reflector) Field not present: net.minecraft.item.Item.delegate
[15:02:07] [Client thread/INFO]: [OptiFine] (Reflector) Method not present: net.minecraft.item.Item.getDurabilityForDisplay
[15:02:07] [Client thread/INFO]: [OptiFine] (Reflector) Method not present: net.minecraft.item.Item.getRGBDurabilityForDisplay
[15:02:07] [Client thread/INFO]: [OptiFine] (Reflector) Method not present: net.minecraft.item.Item.isShield
[15:02:07] [Client thread/INFO]: [OptiFine] (Reflector) Method not present: net.minecraft.item.Item.onEntitySwing
[15:02:07] [Client thread/INFO]: [OptiFine] (Reflector) Method not present: net.minecraft.item.Item.shouldCauseReequipAnimation
[15:02:07] [Client thread/INFO]: [OptiFine] (Reflector) Method not present: net.minecraft.item.Item.showDurabilityBar
[15:02:07] [Client thread/INFO]: [OptiFine] (Reflector) Method not present: net.minecraft.client.renderer.block.model.ItemOverrideList.handleItemState
[15:02:07] [Client thread/INFO]: [OptiFine] (Reflector) Method not present: net.minecraft.item.ItemArmor.hasOverlay
[15:02:07] [Client thread/INFO]: [OptiFine] (Reflector) Method not present: net.minecraft.client.settings.KeyBinding.setKeyConflictContext
[15:02:07] [Client thread/INFO]: [OptiFine] (Reflector) Method not present: net.minecraft.client.settings.KeyBinding.setKeyModifierAndCode
[15:02:07] [Client thread/INFO]: [OptiFine] (Reflector) Method not present: net.minecraft.client.settings.KeyBinding.getKeyModifier
[15:02:07] [Client thread/INFO]: [OptiFine] (Reflector) Class not present: net.minecraftforge.common.ForgeModContainer
[15:02:07] [Client thread/INFO]: [OptiFine] (Reflector) Method not present: net.minecraft.client.renderer.block.model.ModelBlockDefinition.parseFromReader
[15:02:07] [Client thread/INFO]: [OptiFine] (Reflector) Method not present: net.minecraft.potion.Potion.shouldRenderHUD
[15:02:07] [Client thread/INFO]: [OptiFine] (Reflector) Method not present: net.minecraft.potion.Potion.renderHUDEffect
[15:02:07] [Client thread/INFO]: [OptiFine] (Reflector) Method not present: net.minecraft.potion.PotionEffect.isCurativeItem
[15:02:07] [Client thread/INFO]: [OptiFine] (Reflector) Method not present: net.minecraft.tileentity.TileEntity.canRenderBreaking
[15:02:07] [Client thread/INFO]: [OptiFine] (Reflector) Method not present: net.minecraft.tileentity.TileEntity.getRenderBoundingBox
[15:02:07] [Client thread/INFO]: [OptiFine] (Reflector) Method not present: net.minecraft.tileentity.TileEntity.hasFastRenderer
[15:02:07] [Client thread/INFO]: [OptiFine] (Reflector) Method not present: net.minecraft.tileentity.TileEntity.shouldRenderInPass
[15:02:07] [Client thread/INFO]: [OptiFine] (Reflector) Method not present: net.minecraft.client.renderer.vertex.VertexFormatElement$EnumUsage.preDraw
[15:02:07] [Client thread/INFO]: [OptiFine] (Reflector) Method not present: net.minecraft.client.renderer.vertex.VertexFormatElement$EnumUsage.postDraw
[15:02:07] [Client thread/INFO]: [OptiFine] (Reflector) Method not present: net.minecraft.world.World.countEntities
[15:02:07] [Client thread/INFO]: [OptiFine] (Reflector) Method not present: net.minecraft.world.World.getPerWorldStorage
[15:02:07] [Client thread/INFO]: [OptiFine] (Reflector) Method not present: net.minecraft.world.World.initCapabilities
[15:02:07] [Client thread/INFO]: [OptiFine] (Reflector) Method not present: net.minecraft.world.WorldProvider.getCloudRenderer
[15:02:07] [Client thread/INFO]: [OptiFine] (Reflector) Method not present: net.minecraft.world.WorldProvider.getSkyRenderer
[15:02:07] [Client thread/INFO]: [OptiFine] (Reflector) Method not present: net.minecraft.world.WorldProvider.getWeatherRenderer
[15:02:07] [Client thread/INFO]: [OptiFine] (Reflector) Method not present: net.minecraft.world.WorldProvider.getLightmapColors
[15:02:07] [Client thread/INFO]: [OptiFine] (Reflector) Class not present: net.minecraftforge.fml.client.GuiModList
[15:02:07] [Client thread/INFO]: [OptiFine] (Reflector) Class not present: net.minecraftforge.common.property.IExtendedBlockState
[15:02:07] [Client thread/INFO]: [OptiFine] (Reflector) Class not present: net.minecraftforge.client.model.IModel
[15:02:07] [Client thread/INFO]: [OptiFine] (Reflector) Class not present: net.minecraftforge.client.IRenderHandler
[15:02:07] [Client thread/INFO]: [OptiFine] (Reflector) Class not present: net.minecraftforge.client.ItemModelMesherForge
[15:02:07] [Client thread/INFO]: [OptiFine] (Reflector) Class not present: net.minecraftforge.client.settings.KeyConflictContext
[15:02:07] [Client thread/INFO]: [OptiFine] (Reflector) Class not present: net.minecraftforge.client.settings.KeyModifier
[15:02:07] [Client thread/INFO]: [OptiFine] (Reflector) Class not present: net.minecraft.launchwrapper.Launch
[15:02:07] [Client thread/INFO]: [OptiFine] (Reflector) Class not present: net.minecraftforge.client.model.pipeline.LightUtil
[15:02:07] [Client thread/INFO]: [OptiFine] (Reflector) Class not present: net.minecraftforge.common.MinecraftForge
[15:02:07] [Client thread/INFO]: [OptiFine] (Reflector) Class not present: net.minecraftforge.client.MinecraftForgeClient
[15:02:07] [Client thread/INFO]: [OptiFine] (Reflector) Class not present: net.minecraftforge.client.model.ModelLoader
[15:02:07] [Client thread/INFO]: [OptiFine] (Reflector) Class not present: net.minecraftforge.client.gui.NotificationModUpdateScreen
[15:02:07] [Client thread/INFO]: [OptiFine] (Reflector) Class not present: net.minecraftforge.client.event.RenderBlockOverlayEvent$OverlayType
[15:02:07] [Client thread/INFO]: [OptiFine] (Reflector) Class not present: net.minecraftforge.fml.client.registry.RenderingRegistry
[15:02:07] [Client thread/INFO]: [OptiFine] (Reflector) Class not present: net.minecraftforge.client.event.RenderItemInFrameEvent
[15:02:07] [Client thread/INFO]: [OptiFine] (Reflector) Class not present: net.minecraftforge.client.event.RenderLivingEvent$Pre
[15:02:07] [Client thread/INFO]: [OptiFine] (Reflector) Class not present: net.minecraftforge.client.event.RenderLivingEvent$Post
[15:02:07] [Client thread/INFO]: [OptiFine] (Reflector) Class not present: net.minecraftforge.client.event.RenderLivingEvent$Specials$Pre
[15:02:07] [Client thread/INFO]: [OptiFine] (Reflector) Class not present: net.minecraftforge.client.event.RenderLivingEvent$Specials$Post
[15:02:07] [Client thread/INFO]: [OptiFine] (Reflector) Class not present: net.minecraftforge.client.event.ScreenshotEvent
[15:02:07] [Client thread/INFO]: [OptiFine] (Reflector) Class not present: net.minecraftforge.fml.client.SplashProgress
[15:02:07] [Client thread/INFO]: [OptiFine] (Reflector) Class not present: net.minecraftforge.event.world.WorldEvent$Load
[15:02:07] [Client thread/INFO]: [OptiFine] *** Reflector Vanilla ***
[15:02:07] [Client thread/INFO]: [OptiFine] (Reflector) Field not present: me.present.ui.MainMenu.(type: class java.lang.String, index: 0)
[15:02:07] [Client thread/INFO]: [OptiFine] (Reflector) Class not present: optifine.OptiFineClassTransformer
[15:02:07] [Client thread/WARN]: Skipping bad option: lastServer:
[15:02:07] [Client thread/INFO]: LWJGL Version: 2.9.4
[15:02:08] [Client thread/INFO]: [OptiFine] 
[15:02:08] [Client thread/INFO]: [OptiFine] OptiFine_1.12.2_HD_U_C6
[15:02:08] [Client thread/INFO]: [OptiFine] Build: null
[15:02:08] [Client thread/INFO]: [OptiFine] OS: Windows 10 (amd64) version 10.0
[15:02:08] [Client thread/INFO]: [OptiFine] Java: 1.8.0_261, Oracle Corporation
[15:02:08] [Client thread/INFO]: [OptiFine] VM: Java HotSpot(TM) 64-Bit Server VM (mixed mode), Oracle Corporation
[15:02:08] [Client thread/INFO]: [OptiFine] LWJGL: 2.9.4
[15:02:08] [Client thread/INFO]: [OptiFine] OpenGL: GeForce GTX 1660 Ti/PCIe/SSE2, version 4.6.0 NVIDIA 446.14, NVIDIA Corporation
[15:02:08] [Client thread/INFO]: [OptiFine] OpenGL Version: 4.6.0
[15:02:08] [Client thread/INFO]: [OptiFine] Maximum texture size: 32768x32768
[15:02:08] [Thread-3/INFO]: [OptiFine] Checking for new version
[15:02:09] [Client thread/INFO]: [Shaders] ShadersMod version: 2.4.12
[15:02:09] [Client thread/INFO]: [Shaders] OpenGL Version: 4.6.0 NVIDIA 446.14
[15:02:09] [Client thread/INFO]: [Shaders] Vendor:  NVIDIA Corporation
[15:02:09] [Client thread/INFO]: [Shaders] Renderer: GeForce GTX 1660 Ti/PCIe/SSE2
[15:02:09] [Client thread/INFO]: [Shaders] Capabilities:  2.0  2.1  3.0  3.2  4.0 
[15:02:09] [Client thread/INFO]: [Shaders] GL_MAX_DRAW_BUFFERS: 8
[15:02:09] [Client thread/INFO]: [Shaders] GL_MAX_COLOR_ATTACHMENTS_EXT: 8
[15:02:09] [Client thread/INFO]: [Shaders] GL_MAX_TEXTURE_IMAGE_UNITS: 32
[15:02:09] [Client thread/INFO]: [Shaders] Load ShadersMod configuration.
[15:02:09] [Client thread/INFO]: [Shaders] Save ShadersMod configuration.
[15:02:09] [Client thread/INFO]: [Shaders] No shaderpack loaded.
[15:02:09] [Thread-3/INFO]: [OptiFine] Version found: D3
[15:02:09] [Client thread/INFO]: Reloading ResourceManager: Default
[15:02:09] [Client thread/INFO]: [OptiFine] *** Reloading textures ***
[15:02:09] [Client thread/INFO]: [OptiFine] Resource packs: Default
[15:02:10] [Sound Library Loader/INFO]: Starting up SoundSystem...
[15:02:10] [Thread-4/INFO]: Initializing LWJGL OpenAL
[15:02:10] [Thread-4/INFO]: (The LWJGL binding of OpenAL.  For more information, see http://www.lwjgl.org)
[15:02:10] [Thread-4/INFO]: OpenAL initialized.
[15:02:11] [Sound Library Loader/INFO]: Sound engine started
[15:02:12] [Client thread/INFO]: [OptiFine] Mipmap levels: 4
[15:02:12] [Client thread/INFO]: [OptiFine] Multitexture: false
[15:02:12] [Client thread/INFO]: [OptiFine] ConnectedTextures: mcpatcher/ctm/default/0_glass_white/glass_pane_white.properties
[15:02:12] [Client thread/INFO]: [OptiFine] ConnectedTextures: mcpatcher/ctm/default/0_glass_white/glass_white.properties
[15:02:12] [Client thread/INFO]: [OptiFine] ConnectedTextures: mcpatcher/ctm/default/10_glass_purple/glass_pane_purple.properties
[15:02:12] [Client thread/INFO]: [OptiFine] ConnectedTextures: mcpatcher/ctm/default/10_glass_purple/glass_purple.properties
[15:02:12] [Client thread/INFO]: [OptiFine] ConnectedTextures: mcpatcher/ctm/default/11_glass_blue/glass_blue.properties
[15:02:12] [Client thread/INFO]: [OptiFine] ConnectedTextures: mcpatcher/ctm/default/11_glass_blue/glass_pane_blue.properties
[15:02:12] [Client thread/INFO]: [OptiFine] ConnectedTextures: mcpatcher/ctm/default/12_glass_brown/glass_brown.properties
[15:02:12] [Client thread/INFO]: [OptiFine] ConnectedTextures: mcpatcher/ctm/default/12_glass_brown/glass_pane_brown.properties
[15:02:12] [Client thread/INFO]: [OptiFine] ConnectedTextures: mcpatcher/ctm/default/13_glass_green/glass_green.properties
[15:02:13] [Client thread/INFO]: [OptiFine] ConnectedTextures: mcpatcher/ctm/default/13_glass_green/glass_pane_green.properties
[15:02:13] [Client thread/INFO]: [OptiFine] ConnectedTextures: mcpatcher/ctm/default/14_glass_red/glass_pane_red.properties
[15:02:13] [Client thread/INFO]: [OptiFine] ConnectedTextures: mcpatcher/ctm/default/14_glass_red/glass_red.properties
[15:02:13] [Client thread/INFO]: [OptiFine] ConnectedTextures: mcpatcher/ctm/default/15_glass_black/glass_black.properties
[15:02:13] [Client thread/INFO]: [OptiFine] ConnectedTextures: mcpatcher/ctm/default/15_glass_black/glass_pane_black.properties
[15:02:13] [Client thread/INFO]: [OptiFine] ConnectedTextures: mcpatcher/ctm/default/1_glass_orange/glass_orange.properties
[15:02:13] [Client thread/INFO]: [OptiFine] ConnectedTextures: mcpatcher/ctm/default/1_glass_orange/glass_pane_orange.properties
[15:02:13] [Client thread/INFO]: [OptiFine] ConnectedTextures: mcpatcher/ctm/default/2_glass_magenta/glass_magenta.properties
[15:02:13] [Client thread/INFO]: [OptiFine] ConnectedTextures: mcpatcher/ctm/default/2_glass_magenta/glass_pane_magenta.properties
[15:02:13] [Client thread/INFO]: [OptiFine] ConnectedTextures: mcpatcher/ctm/default/3_glass_light_blue/glass_light_blue.properties
[15:02:13] [Client thread/INFO]: [OptiFine] ConnectedTextures: mcpatcher/ctm/default/3_glass_light_blue/glass_pane_light_blue.properties
[15:02:13] [Client thread/INFO]: [OptiFine] ConnectedTextures: mcpatcher/ctm/default/4_glass_yellow/glass_pane_yellow.properties
[15:02:13] [Client thread/INFO]: [OptiFine] ConnectedTextures: mcpatcher/ctm/default/4_glass_yellow/glass_yellow.properties
[15:02:13] [Client thread/INFO]: [OptiFine] ConnectedTextures: mcpatcher/ctm/default/5_glass_lime/glass_lime.properties
[15:02:13] [Client thread/INFO]: [OptiFine] ConnectedTextures: mcpatcher/ctm/default/5_glass_lime/glass_pane_lime.properties
[15:02:13] [Client thread/INFO]: [OptiFine] ConnectedTextures: mcpatcher/ctm/default/6_glass_pink/glass_pane_pink.properties
[15:02:13] [Client thread/INFO]: [OptiFine] ConnectedTextures: mcpatcher/ctm/default/6_glass_pink/glass_pink.properties
[15:02:13] [Client thread/INFO]: [OptiFine] ConnectedTextures: mcpatcher/ctm/default/7_glass_gray/glass_gray.properties
[15:02:13] [Client thread/INFO]: [OptiFine] ConnectedTextures: mcpatcher/ctm/default/7_glass_gray/glass_pane_gray.properties
[15:02:13] [Client thread/INFO]: [OptiFine] ConnectedTextures: mcpatcher/ctm/default/8_glass_silver/glass_pane_silver.properties
[15:02:13] [Client thread/INFO]: [OptiFine] ConnectedTextures: mcpatcher/ctm/default/8_glass_silver/glass_silver.properties
[15:02:13] [Client thread/INFO]: [OptiFine] ConnectedTextures: mcpatcher/ctm/default/9_glass_cyan/glass_cyan.properties
[15:02:13] [Client thread/INFO]: [OptiFine] ConnectedTextures: mcpatcher/ctm/default/9_glass_cyan/glass_pane_cyan.properties
[15:02:13] [Client thread/INFO]: [OptiFine] ConnectedTextures: mcpatcher/ctm/default/bookshelf.properties
[15:02:13] [Client thread/INFO]: [OptiFine] ConnectedTextures: mcpatcher/ctm/default/glass.properties
[15:02:13] [Client thread/INFO]: [OptiFine] ConnectedTextures: mcpatcher/ctm/default/glasspane.properties
[15:02:13] [Client thread/INFO]: [OptiFine] ConnectedTextures: mcpatcher/ctm/default/sandstone.properties
[15:02:13] [Client thread/INFO]: [OptiFine] Multipass connected textures: false
[15:02:13] [Client thread/INFO]: [OptiFine] BetterGrass: Parsing default configuration optifine/bettergrass.properties
[15:02:18] [Client thread/INFO]: Created: 1024x512 textures-atlas
[15:02:19] [Client thread/INFO]: Narrator library for x64 successfully loaded
[15:02:19] [Client thread/INFO]: [OptiFine] *** Reloading custom textures ***
[15:02:23] [Server thread/INFO]: Starting integrated minecraft server version 1.12.2
[15:02:23] [Server thread/INFO]: Generating keypair
[15:02:23] [Server thread/INFO]: Loaded 488 advancements
[15:02:24] [Server thread/INFO]: Preparing start region for level 0
[15:02:25] [Server thread/INFO]: Preparing spawn area: 38%
[15:02:25] [Server thread/INFO]: Changing view distance to 8, from 10
[15:02:26] [Server thread/INFO]: Player598[local:E:1b4de856] logged in with entity id 92 at (381.91191783093046, 80.0, 178.87990602681893)
[15:02:26] [Server thread/INFO]: Player598 joined the game
[15:02:27] [Server thread/WARN]: Keeping entity minecraft:rabbit that already exists with UUID efb3abed-02dd-4f07-975c-639ab255aec5
[15:02:27] [Client thread/INFO]: [CHAT] A new §eOptiFine§f version is available: §eHD Ultra D3§f
[15:02:27] [Server thread/INFO]: Saving and pausing game...
[15:02:27] [Server thread/INFO]: Saving chunks for level 'mcpworld'/overworld
[15:02:27] [Server thread/INFO]: Saving chunks for level 'mcpworld'/the_nether
[15:02:27] [Server thread/INFO]: Saving chunks for level 'mcpworld'/the_end
[15:02:51] [Client thread/INFO]: Loaded 7 advancements
[15:02:51] [Server thread/WARN]: Player598 moved wrongly!
[15:03:47] [Server thread/WARN]: Player598 moved wrongly!
[15:03:49] [Server thread/WARN]: Player598 moved wrongly!
[15:03:52] [Server thread/WARN]: Player598 moved wrongly!
[15:03:54] [Server thread/WARN]: Player598 moved wrongly!
[15:05:07] [Server thread/INFO]: Player598 fell from a high place
[15:05:07] [Client thread/INFO]: [CHAT] Player598 fell from a high place
[15:05:13] [Server thread/INFO]: Saving and pausing game...
[15:05:13] [Server thread/INFO]: Saving chunks for level 'mcpworld'/overworld
[15:05:13] [Server thread/INFO]: Saving chunks for level 'mcpworld'/the_nether
[15:05:13] [Server thread/INFO]: Saving chunks for level 'mcpworld'/the_end
[15:05:14] [Server thread/INFO]: Saving and pausing game...
[15:05:14] [Server thread/INFO]: Saving chunks for level 'mcpworld'/overworld
[15:05:14] [Server thread/INFO]: Saving chunks for level 'mcpworld'/the_nether
[15:05:14] [Server thread/INFO]: Saving chunks for level 'mcpworld'/the_end
[15:05:59] [Server thread/INFO]: Saving and pausing game...
[15:05:59] [Server thread/INFO]: Saving chunks for level 'mcpworld'/overworld
[15:05:59] [Server thread/INFO]: Saving chunks for level 'mcpworld'/the_nether
[15:05:59] [Server thread/INFO]: Saving chunks for level 'mcpworld'/the_end
[15:06:00] [Server thread/INFO]: Stopping server
[15:06:00] [Server thread/INFO]: Saving players
[15:06:00] [Server thread/INFO]: Player598 lost connection: Disconnected
[15:06:00] [Server thread/INFO]: Player598 left the game
[15:06:00] [Server thread/INFO]: Stopping singleplayer server as player logged out
[15:06:00] [Server thread/INFO]: Saving worlds
[15:06:00] [Server thread/INFO]: Saving chunks for level 'mcpworld'/overworld
[15:06:00] [Server thread/INFO]: Saving chunks for level 'mcpworld'/the_nether
[15:06:00] [Server thread/INFO]: Saving chunks for level 'mcpworld'/the_end
[15:06:01] [Client thread/INFO]: Stopping!
[15:06:01] [Client thread/INFO]: SoundSystem shutting down...
[15:06:01] [Client thread/WARN]: Author: Paul Lamb, www.paulscode.com
